2020-04-13 14:37:16.5628 INFO Program çalýþtýrýldý!
2020-04-13 14:37:17.5626 INFO Sefer Ekleme sayfasýna gidildi
2020-04-13 14:37:17.5815 INFO Sefer ekleme sayfasý açýldý
2020-04-13 14:37:25.2325 INFO Program çalýþtýrýldý!
2020-04-13 14:37:26.2818 INFO Sefer Ekleme sayfasýna gidildi
2020-04-13 14:37:26.2997 INFO Sefer ekleme sayfasý açýldý
2020-04-13 14:39:33.7972 INFO Program çalýþtýrýldý!
2020-04-13 14:39:35.5858 INFO Sefer Ekleme sayfasýna gidildi
2020-04-13 14:39:35.6028 INFO Sefer ekleme sayfasý açýldý
2020-04-13 14:39:43.2802 INFO Sefer Ekleme sayfasýna gidildi
2020-04-13 14:39:43.2862 INFO Sefer ekleme sayfasý açýldý
2020-04-13 14:41:44.2008 INFO Program çalýþtýrýldý!
2020-04-13 14:41:45.1537 INFO Sefer Ekleme sayfasýna gidildi
2020-04-13 14:41:45.1736 INFO Sefer ekleme sayfasý açýldý
2020-04-13 14:41:56.5784 INFO Program çalýþtýrýldý!
2020-04-13 14:41:57.8428 INFO Sefer Ekleme sayfasýna gidildi
2020-04-13 14:41:57.8740 INFO Sefer ekleme sayfasý açýldý
2020-04-13 14:42:22.9299 INFO Program çalýþtýrýldý!
2020-04-13 14:42:24.0433 INFO Sefer Ekleme sayfasýna gidildi
2020-04-13 14:42:24.0642 INFO Sefer ekleme sayfasý açýldý
2020-04-13 14:42:35.0814 INFO Kullanýcý sefer oluþturdu!
2020-04-13 14:42:37.6695 INFO Sefer Silindi
2020-04-13 14:42:39.1569 WARN Kullanýcý sefer seçmeden kaptan deðiþtirmek istedi!
2020-04-13 14:42:40.6503 INFO Kaptan Deðiþtirme Sayfasýna Gidildi
2020-04-13 14:43:12.8753 INFO Program çalýþtýrýldý!
2020-04-13 14:43:16.6535 WARN Kullanýcý sefer seçmeden kaptan deðiþtirmek istedi!
2020-04-13 14:43:18.0730 INFO Kaptan Deðiþtirme Sayfasýna Gidildi
2020-04-13 14:43:26.5210 INFO Kaptan deðiþtirildi!
2020-04-13 14:43:29.3027 WARN Kullanýcý geliri hesaplanacak bir sefer seçmedi!
2020-04-13 14:43:31.4622 INFO Gelir hesaplandý!
2020-04-13 14:51:25.6374 INFO Program çalýþtýrýldý!
2020-04-13 14:55:18.0323 INFO Program çalýþtýrýldý!
2020-04-13 14:56:07.1058 INFO Program çalýþtýrýldý!
2020-04-13 14:56:27.6432 INFO Program çalýþtýrýldý!
2020-04-13 14:57:07.8982 INFO Program çalýþtýrýldý!
2020-04-13 14:58:42.1129 INFO Program çalýþtýrýldý!
