2020-04-05 16:40:06.1066 INFO asdsa
2020-04-05 16:40:06.1627 DEBUG asdas
2020-04-05 16:40:41.5648 INFO asdsa
2020-04-05 16:40:41.6218 DEBUG asdas
2020-04-05 16:41:19.4246 INFO asdsa
2020-04-05 16:41:19.4937 DEBUG asdas
2020-04-05 16:41:21.9004 INFO Sefer Ekleme sayfasina gidildi
2020-04-05 16:41:42.7182 WARN Kullanici bilet alma ekranina ulasti
2020-04-05 16:41:48.4052 INFO Bilet Satin Alindi!
2020-04-05 16:41:54.6236 INFO Kaptan Degistirme Sayfasina Gidildi
2020-04-05 16:41:58.5694 INFO Kaptan Degistirme Sayfasina Gidildi
2020-04-05 16:42:01.9718 INFO Sefer Silindi
2020-04-05 16:42:10.1186 INFO Sefer Silindi
2020-04-05 16:42:47.7793 INFO asdsa
2020-04-05 16:42:47.8554 DEBUG asdas
2020-04-05 16:43:14.3902 INFO asdsa
2020-04-05 16:43:14.4563 DEBUG asdas
2020-04-05 16:53:25.4528 INFO asdsa
2020-04-05 16:53:25.5068 DEBUG asdas
2020-04-05 16:53:26.4665 INFO Sefer Ekleme sayfasina gidildi
2020-04-05 16:53:40.1626 INFO Sefer Ekleme sayfasina gidildi
2020-04-05 16:53:56.2920 INFO Sefer Ekleme sayfasina gidildi
2020-04-05 16:53:58.2544 INFO Sefer Ekleme sayfasina gidildi
2020-04-05 16:54:06.1070 INFO Sefer Silindi
2020-04-05 16:54:47.6224 INFO asdsa
2020-04-05 16:54:47.6875 DEBUG asdas
2020-04-05 16:54:51.6133 WARN Kullanici sefer ve koltuk seçmeden islem yapmaya çalisti!
2020-04-05 16:55:57.7102 INFO asdsa
2020-04-05 16:55:57.7922 DEBUG asdas
2020-04-05 16:56:20.3843 INFO asdsa
2020-04-05 16:56:20.4443 DEBUG asdas
2020-04-05 16:56:23.7416 INFO Sefer Ekleme sayfasina gidildi
2020-04-05 16:56:25.5409 INFO Sefer Silindi
2020-04-05 16:57:25.9418 INFO asdsa
2020-04-05 16:57:26.0108 DEBUG asdas
2020-04-05 16:57:27.0285 INFO Sefer Silindi
2020-04-05 16:57:38.8289 INFO Kaptan Degistirme Sayfasina Gidildi
2020-04-05 16:57:57.9285 WARN Kullanici sefer ve koltuk seçmeden islem yapmaya çalisti!
2020-04-05 16:58:00.0500 WARN Kullanici bilet alma ekranina ulasti
2020-04-05 16:58:07.1110 INFO Sefer Ekleme sayfasina gidildi
2020-04-05 16:58:22.1356 INFO asdsa
2020-04-05 16:58:22.1967 DEBUG asdas
2020-04-05 16:58:34.7636 INFO asdsa
2020-04-05 16:58:34.8286 DEBUG asdas
2020-04-05 16:58:44.9979 INFO Sefer Ekleme sayfasina gidildi
2020-04-05 16:58:47.2755 INFO Sefer Ekleme sayfasina gidildi
2020-04-05 16:58:51.2033 INFO asdsa
2020-04-05 16:58:51.2633 DEBUG asdas
2020-04-05 16:58:57.8970 INFO Sefer Ekleme sayfasina gidildi
2020-04-05 17:00:38.6635 INFO asdsa
2020-04-05 17:00:38.7225 DEBUG asdas
2020-04-05 17:00:41.4145 WARN Kullanici bilet alma ekranina ulasti
2020-04-05 17:00:49.5812 INFO Bilet Satin Alindi!
2020-04-05 17:00:51.8599 WARN Kullanici bilet alma ekranina ulasti
2020-04-05 17:00:56.0709 WARN Kullanici bilet alma ekranina ulasti
2020-04-05 17:01:04.8211 INFO asdsa
2020-04-05 17:01:04.8851 DEBUG asdas
2020-04-05 17:02:51.7754 INFO asdsa
2020-04-05 17:02:51.8645 DEBUG asdas
2020-04-05 17:02:56.8660 WARN Kullanici sefer ve koltuk seçmeden islem yapmaya çalisti!
2020-04-05 17:03:00.0143 WARN Kullanici sefer ve koltuk seçmeden islem yapmaya çalisti!
2020-04-05 17:03:22.0449 INFO asdsa
2020-04-05 17:03:22.1119 DEBUG asdas
2020-04-05 17:03:23.8822 WARN Kullanici sefer ve koltuk seçmeden islem yapmaya çalisti!
2020-04-05 17:03:26.1708 WARN Kullanici sefer ve koltuk seçmeden islem yapmaya çalisti!
2020-04-05 17:03:30.6440 WARN Kullanici bilet alma ekranina ulasti
2020-04-05 17:03:36.0098 WARN Kullanici bilet alma ekranina ulasti
2020-04-05 17:03:41.9720 WARN Kullanici bilet alma ekranina ulasti
2020-04-05 17:09:36.0542 INFO asdsa
2020-04-05 17:09:36.1113 DEBUG asdas
2020-04-05 17:17:36.4461 INFO asdsa
2020-04-05 17:17:36.5121 DEBUG asdas
2020-04-05 17:17:40.6390 WARN Kullanici sefer ve koltuk seçmeden islem yapmaya çalisti!
2020-04-05 17:17:42.4683 WARN Kullanici sefer ve koltuk seçmeden islem yapmaya çalisti!
2020-04-05 17:17:52.2308 WARN Kullanici sefer ve koltuk seçmeden islem yapmaya çalisti!
2020-04-05 17:18:10.7689 INFO asdsa
2020-04-05 17:18:10.8300 DEBUG asdas
2020-04-05 17:18:20.0425 WARN Kullanici sefer ve koltuk seçmeden islem yapmaya çalisti!
2020-04-05 17:18:52.8708 INFO asdsa
2020-04-05 17:18:52.9298 DEBUG asdas
2020-04-05 17:18:56.2892 WARN Kullanici sefer ve koltuk seçmeden islem yapmaya çalisti!
2020-04-05 17:19:09.6907 INFO asdsa
2020-04-05 17:19:09.7688 DEBUG asdas
2020-04-05 17:19:29.1635 INFO asdsa
2020-04-05 17:19:29.2326 DEBUG asdas
2020-04-05 17:19:31.0569 WARN Kullanici sefer ve koltuk seçmeden islem yapmaya çalisti!
2020-04-05 17:19:33.6617 WARN Kullanici sefer ve koltuk seçmeden islem yapmaya çalisti!
2020-04-05 17:19:35.4980 WARN Kullanici sefer ve koltuk seçmeden islem yapmaya çalisti!
2020-04-05 17:20:10.0465 INFO asdsa
2020-04-05 17:20:10.1076 DEBUG asdas
2020-04-05 17:20:13.0547 WARN Kullanici sefer ve koltuk seçmeden islem yapmaya çalisti!
2020-04-05 17:20:16.6282 WARN Kullanici sefer ve koltuk seçmeden islem yapmaya çalisti!
2020-04-05 17:20:54.2829 INFO asdsa
2020-04-05 17:20:54.3450 DEBUG asdas
2020-04-05 17:20:56.8608 WARN Kullanici sefer ve koltuk seçmeden islem yapmaya çalisti!
2020-04-05 17:20:58.4028 WARN Kullanici sefer ve koltuk seçmeden islem yapmaya çalisti!
2020-04-05 17:21:08.7742 WARN Kullanici sefer ve koltuk seçmeden islem yapmaya çalisti!
2020-04-05 17:21:38.0580 INFO asdsa
2020-04-05 17:21:38.1100 DEBUG asdas
2020-04-05 17:21:41.0891 WARN Kullanici sefer ve koltuk seçmeden islem yapmaya çalisti!
2020-04-05 17:23:10.4655 INFO asdsa
2020-04-05 17:23:10.5216 DEBUG asdas
2020-04-05 17:23:26.4048 INFO asdsa
2020-04-05 17:23:26.4579 DEBUG asdas
2020-04-05 17:24:27.1790 INFO asdsa
2020-04-05 17:24:27.2470 DEBUG asdas
2020-04-05 17:24:29.3955 INFO Sefer Ekleme sayfasina gidildi
2020-04-05 17:25:05.3791 INFO asdsa
2020-04-05 17:25:05.4441 DEBUG asdas
2020-04-05 17:25:30.0055 INFO asdsa
2020-04-05 17:25:30.0656 DEBUG asdas
2020-04-05 17:25:46.8405 INFO asdsa
2020-04-05 17:25:46.9005 DEBUG asdas
2020-04-05 17:25:48.8499 WARN Kullanici sefer ve koltuk seçmeden islem yapmaya çalisti!
2020-04-05 17:25:51.2776 WARN Kullanici sefer ve koltuk seçmeden islem yapmaya çalisti!
2020-04-05 17:26:07.4601 INFO Bilet Satin Alindi!
2020-04-05 17:28:09.5057 INFO asdsa
2020-04-05 17:28:09.5677 DEBUG asdas
2020-04-05 17:28:24.2061 WARN Kullanici dolu koltuga bilet almaya çalisti!
2020-04-05 17:28:36.4979 INFO asdsa
2020-04-05 17:28:36.5639 DEBUG asdas
2020-04-05 17:30:32.7353 INFO asdsa
2020-04-05 17:30:32.7924 DEBUG asdas
2020-04-05 17:30:40.9101 INFO Bilet Satin Alindi!
2020-04-05 17:30:40.9301 INFO Kullanici bilet satin alma islemini tamamladi!
2020-04-05 17:30:50.6580 WARN Kullanici dolu koltuga bilet almaya çalisti!
2020-04-05 17:33:20.1155 INFO asdsa
2020-04-05 17:33:20.1706 DEBUG asdas
2020-04-05 17:34:24.7204 INFO asdsa
2020-04-05 17:34:24.7934 DEBUG asdas
2020-04-05 17:34:33.0133 WARN Kullanici tüm bilgileri doldurmadan bilet satin almaya çalisti!
2020-04-05 17:34:53.4898 INFO asdsa
2020-04-05 17:34:53.5668 DEBUG asdas
2020-04-05 17:34:57.1003 WARN Kullanici tüm bilgileri doldurmadan bilet satin almaya çalisti!
2020-04-05 17:35:00.5108 INFO Bilet Satin Alindi!
2020-04-05 17:35:00.5288 INFO Kullanici bilet satin alma islemini tamamladi!
2020-04-05 17:35:17.5589 INFO asdsa
2020-04-05 17:35:17.6229 DEBUG asdas
2020-04-05 17:35:21.6678 WARN Kullanici tüm bilgileri doldurmadan bilet satin almaya çalisti!
2020-04-05 17:35:24.0475 WARN Kullanici tüm bilgileri doldurmadan bilet satin almaya çalisti!
2020-04-05 17:35:26.6833 WARN Kullanici tüm bilgileri doldurmadan bilet satin almaya çalisti!
2020-04-05 17:35:28.4266 INFO Bilet Satin Alindi!
2020-04-05 17:35:28.4406 INFO Kullanici bilet satin alma islemini tamamladi!
2020-04-05 17:35:43.0620 INFO asdsa
2020-04-05 17:35:43.1220 DEBUG asdas
2020-04-05 17:35:45.4326 WARN Kullanici sefer ve koltuk seçmeden islem yapmaya çalisti!
2020-04-05 17:35:49.9899 INFO Bilet Satin Alindi!
2020-04-05 17:35:50.0049 INFO Kullanici bilet satin alma islemini tamamladi!
2020-04-05 17:35:59.0263 INFO asdsa
2020-04-05 17:35:59.1033 DEBUG asdas
2020-04-05 17:36:04.4001 INFO Bilet Satin Alindi!
2020-04-05 17:36:04.4231 INFO Kullanici bilet satin alma islemini tamamladi!
2020-04-05 17:36:27.2023 INFO asdsa
2020-04-05 17:36:27.2553 DEBUG asdas
2020-04-05 17:36:29.9772 WARN Kullanici sefer ve koltuk seçmeden islem yapmaya çalisti!
2020-04-05 17:36:34.2323 INFO Bilet Satin Alindi!
2020-04-05 17:36:34.2483 INFO Kullanici bilet satin alma islemini tamamladi!
2020-04-05 17:36:44.6026 INFO asdsa
2020-04-05 17:36:44.6827 DEBUG asdas
2020-04-05 17:36:51.4024 WARN Kullanici tüm bilgileri doldurmadan bilet satin almaya çalisti!
2020-04-05 17:36:54.4926 WARN Kullanici tüm bilgileri doldurmadan bilet satin almaya çalisti!
2020-04-05 17:36:58.2453 WARN Kullanici tüm bilgileri doldurmadan bilet satin almaya çalisti!
2020-04-05 17:37:01.2684 INFO Bilet Satin Alindi!
2020-04-05 17:37:01.2834 INFO Kullanici bilet satin alma islemini tamamladi!
2020-04-05 17:37:14.7890 INFO asdsa
2020-04-05 17:37:14.8451 DEBUG asdas
2020-04-05 17:38:17.9348 INFO asdsa
2020-04-05 17:38:17.9859 DEBUG asdas
2020-04-05 17:41:34.4192 INFO asdsa
2020-04-05 17:41:34.4723 DEBUG asdas
