2020-04-07 11:54:13.9196 INFO Sefer Ekleme sayfasina gidildi
2020-04-07 16:00:53.1529 INFO Program çalistirildi!
2020-04-07 16:00:54.5409 INFO Sefer Ekleme sayfasina gidildi
2020-04-07 16:00:54.5899 INFO Sefer ekleme sayfasi açildi
2020-04-07 16:01:00.7913 INFO Kullanici sefer olusturdu!
2020-04-07 16:01:01.6379 INFO Sefer Ekleme sayfasina gidildi
2020-04-07 16:01:01.6779 INFO Sefer ekleme sayfasi açildi
2020-04-07 16:01:08.2066 INFO Kullanici sefer olusturdu!
2020-04-07 16:01:09.0982 INFO Sefer Ekleme sayfasina gidildi
2020-04-07 16:01:09.1352 INFO Sefer ekleme sayfasi açildi
2020-04-07 16:01:17.5582 INFO Kullanici sefer olusturdu!
2020-04-07 16:01:33.3104 INFO Program çalistirildi!
2020-04-07 16:01:34.7314 INFO Sefer Ekleme sayfasina gidildi
2020-04-07 16:01:34.7854 INFO Sefer ekleme sayfasi açildi
2020-04-07 16:01:46.6438 INFO Kullanici sefer olusturdu!
2020-04-07 16:01:50.8818 INFO Sefer Ekleme sayfasina gidildi
2020-04-07 16:01:50.9219 INFO Sefer ekleme sayfasi açildi
2020-04-07 16:01:59.6090 INFO Program çalistirildi!
2020-04-07 16:02:00.5717 INFO Sefer Ekleme sayfasina gidildi
2020-04-07 16:02:00.6217 INFO Sefer ekleme sayfasi açildi
2020-04-07 16:02:41.8730 INFO Program çalistirildi!
2020-04-07 16:02:45.9020 INFO Sefer Ekleme sayfasina gidildi
2020-04-07 16:02:45.9480 INFO Sefer ekleme sayfasi açildi
2020-04-07 16:03:36.0586 INFO Program çalistirildi!
2020-04-07 16:05:06.0164 INFO Program çalistirildi!
2020-04-07 16:05:19.5080 INFO Program çalistirildi!
2020-04-07 16:05:42.9376 INFO Sefer Ekleme sayfasina gidildi
2020-04-07 16:05:42.9907 INFO Sefer ekleme sayfasi açildi
2020-04-07 16:05:56.7354 INFO Sefer Silindi
2020-04-07 16:05:57.6661 INFO Sefer Ekleme sayfasina gidildi
2020-04-07 16:05:57.7011 INFO Sefer ekleme sayfasi açildi
2020-04-07 16:08:03.8546 INFO Program çalistirildi!
2020-04-07 16:08:16.8218 INFO Sefer Ekleme sayfasina gidildi
2020-04-07 16:08:16.8718 INFO Sefer ekleme sayfasi açildi
2020-04-07 16:08:24.0769 INFO Sefer Silindi
2020-04-07 16:08:25.3869 INFO Sefer Ekleme sayfasina gidildi
2020-04-07 16:08:25.4239 INFO Sefer ekleme sayfasi açildi
2020-04-07 16:08:35.5611 INFO Program çalistirildi!
2020-04-07 16:08:37.3113 INFO Sefer Ekleme sayfasina gidildi
2020-04-07 16:08:37.3624 INFO Sefer ekleme sayfasi açildi
2020-04-07 16:08:42.9984 INFO Sefer Silindi
2020-04-07 16:08:43.6198 INFO Sefer Ekleme sayfasina gidildi
2020-04-07 16:08:43.6518 INFO Sefer ekleme sayfasi açildi
2020-04-07 16:08:55.9195 INFO Program çalistirildi!
2020-04-07 16:08:56.9993 INFO Sefer Ekleme sayfasina gidildi
2020-04-07 16:08:57.0463 INFO Sefer ekleme sayfasi açildi
2020-04-07 16:09:04.4896 INFO Kullanici sefer olusturdu!
2020-04-07 16:22:09.5366 INFO Program çalistirildi!
2020-04-07 16:24:21.0389 INFO Program çalistirildi!
2020-04-07 16:31:55.7275 INFO Program çalistirildi!
2020-04-07 16:32:10.6891 INFO Sefer Ekleme sayfasina gidildi
2020-04-07 16:32:22.8978 INFO Kullanici sefer olusturdu!
2020-04-07 16:32:26.0280 INFO Sefer Ekleme sayfasina gidildi
2020-04-07 16:32:31.5259 INFO Sefer Ekleme sayfasina gidildi
2020-04-07 16:34:03.0468 INFO Program çalistirildi!
2020-04-07 16:34:07.6971 INFO Sefer Ekleme sayfasina gidildi
2020-04-07 16:34:13.9346 INFO Kullanici sefer olusturdu!
2020-04-07 16:34:15.1034 INFO Sefer Ekleme sayfasina gidildi
2020-04-07 16:34:18.7800 INFO Sefer Silindi
2020-04-07 16:34:19.9638 INFO Sefer Silindi
2020-04-07 16:34:20.6783 INFO Sefer Ekleme sayfasina gidildi
2020-04-07 16:34:41.6742 INFO Sefer Ekleme sayfasina gidildi
2020-04-07 16:39:29.5365 INFO Program çalistirildi!
2020-04-07 16:39:55.2617 INFO Program çalistirildi!
2020-04-07 16:39:56.3215 INFO Sefer Ekleme sayfasina gidildi
2020-04-07 16:43:12.6158 INFO Program çalistirildi!
2020-04-07 16:43:14.0908 INFO Sefer Ekleme sayfasina gidildi
2020-04-07 16:43:22.9121 INFO Kullanici sefer olusturdu!
2020-04-07 16:43:23.7577 INFO Sefer Ekleme sayfasina gidildi
2020-04-07 16:43:33.3565 INFO Sefer Ekleme sayfasina gidildi
2020-04-07 16:43:37.4824 INFO Sefer Silindi
2020-04-07 16:43:38.0648 INFO Sefer Ekleme sayfasina gidildi
2020-04-07 16:43:41.8956 INFO Sefer Ekleme sayfasina gidildi
2020-04-07 16:43:54.4845 INFO Program çalistirildi!
2020-04-07 16:43:55.5943 INFO Sefer Ekleme sayfasina gidildi
2020-04-07 16:44:00.2906 INFO Kullanici sefer olusturdu!
2020-04-07 16:44:01.2893 INFO Sefer Ekleme sayfasina gidildi
2020-04-07 16:44:07.2305 INFO Kullanici sefer olusturdu!
2020-04-07 16:44:08.6796 INFO Sefer Ekleme sayfasina gidildi
2020-04-07 16:44:11.7347 INFO Sefer Silindi
2020-04-07 16:44:12.1210 INFO Sefer Ekleme sayfasina gidildi
2020-04-07 16:44:18.5576 INFO Sefer Ekleme sayfasina gidildi
2020-04-07 16:44:44.1317 INFO Program çalistirildi!
2020-04-07 16:44:45.4486 INFO Sefer Ekleme sayfasina gidildi
2020-04-07 16:44:49.9468 INFO Sefer Ekleme sayfasina gidildi
2020-04-07 16:46:25.6307 INFO Program çalistirildi!
2020-04-07 16:46:33.5033 INFO Program çalistirildi!
2020-04-07 16:46:34.4620 INFO Sefer Ekleme sayfasina gidildi
2020-04-07 16:48:36.3377 INFO Program çalistirildi!
2020-04-07 16:48:38.5703 INFO Sefer Ekleme sayfasina gidildi
2020-04-07 16:48:43.6909 INFO Kullanici sefer olusturdu!
2020-04-07 16:48:48.9907 INFO Sefer Ekleme sayfasina gidildi
2020-04-07 16:51:31.4580 INFO Program çalistirildi!
2020-04-07 16:51:38.4489 INFO Sefer Silindi
2020-04-07 16:51:42.4898 INFO Program çalistirildi!
2020-04-07 16:52:07.7587 INFO Program çalistirildi!
2020-04-07 16:52:08.5623 INFO Sefer Ekleme sayfasina gidildi
2020-04-07 16:52:13.8961 WARN Kullanici tüm bilgileri doldurmadan sefer eklemek istedi!
2020-04-07 16:52:14.9118 INFO Kullanici sefer olusturdu!
2020-04-07 16:53:00.4921 INFO Program çalistirildi!
2020-04-07 16:53:03.0169 INFO Sefer Silindi
2020-04-07 16:53:21.1218 INFO Program çalistirildi!
2020-04-07 16:53:52.6791 INFO Program çalistirildi!
2020-04-07 16:53:53.4897 INFO Sefer Ekleme sayfasina gidildi
2020-04-07 16:55:03.3453 INFO Program çalistirildi!
2020-04-07 16:55:04.0698 INFO Sefer Ekleme sayfasina gidildi
2020-04-07 16:55:08.5910 INFO Kullanici sefer olusturdu!
2020-04-07 16:55:09.1044 INFO Sefer Ekleme sayfasina gidildi
2020-04-07 16:55:13.7567 INFO Kullanici sefer olusturdu!
2020-04-07 16:55:49.7282 INFO Program çalistirildi!
2020-04-07 16:55:54.6016 INFO Sefer Ekleme sayfasina gidildi
2020-04-07 16:56:00.0365 INFO Kullanici sefer olusturdu!
2020-04-07 16:56:16.1359 INFO Program çalistirildi!
2020-04-07 16:56:17.2347 INFO Sefer Ekleme sayfasina gidildi
2020-04-07 16:56:24.7460 INFO Kullanici sefer olusturdu!
2020-04-07 16:56:29.2702 INFO Sefer Ekleme sayfasina gidildi
2020-04-07 16:56:46.5185 INFO Sefer Silindi
2020-04-07 16:56:48.9312 INFO Sefer Silindi
2020-04-07 16:56:50.2411 INFO Sefer Silindi
2020-04-07 16:56:50.7245 INFO Sefer Ekleme sayfasina gidildi
2020-04-07 16:56:56.5106 INFO Kullanici sefer olusturdu!
2020-04-07 16:56:57.8275 INFO Sefer Ekleme sayfasina gidildi
2020-04-07 16:57:04.6543 WARN Kullanici tüm bilgileri doldurmadan sefer eklemek istedi!
2020-04-07 16:57:06.6778 INFO Kullanici sefer olusturdu!
2020-04-07 16:57:07.8596 INFO Sefer Ekleme sayfasina gidildi
2020-04-07 16:57:15.9023 INFO Kullanici sefer olusturdu!
2020-04-07 16:57:17.0021 INFO Sefer Ekleme sayfasina gidildi
2020-04-07 16:58:31.3338 INFO Sefer Ekleme sayfasina gidildi
2020-04-07 16:59:48.8709 INFO Program çalistirildi!
2020-04-07 17:02:57.4597 WARN Kullanici koltuk ve sefer seçimi yapmadan bilet iptal etmeye çalisti!
2020-04-07 17:40:45.0841 INFO Program çalistirildi!
2020-04-07 17:40:48.8428 INFO Sefer Ekleme sayfasina gidildi
2020-04-07 17:40:48.8888 INFO Sefer ekleme sayfasi açildi
2020-04-07 17:41:01.9240 INFO Kullanici sefer olusturdu!
2020-04-07 17:41:03.4271 INFO Sefer Ekleme sayfasina gidildi
2020-04-07 17:41:03.4631 INFO Sefer ekleme sayfasi açildi
2020-04-07 17:41:06.4983 INFO Sefer Ekleme sayfasina gidildi
2020-04-07 17:41:06.5353 INFO Sefer ekleme sayfasi açildi
2020-04-07 17:41:28.4068 INFO Program çalistirildi!
2020-04-07 17:41:29.3965 INFO Sefer Ekleme sayfasina gidildi
2020-04-07 17:41:29.4436 INFO Sefer ekleme sayfasi açildi
2020-04-07 17:41:35.9592 INFO Program çalistirildi!
2020-04-07 17:41:36.9529 INFO Sefer Ekleme sayfasina gidildi
2020-04-07 17:41:36.9949 INFO Sefer ekleme sayfasi açildi
2020-04-07 17:57:40.2551 INFO Program çalistirildi!
2020-04-07 17:57:43.9117 INFO Sefer Ekleme sayfasina gidildi
2020-04-07 17:57:43.9617 INFO Sefer ekleme sayfasi açildi
2020-04-07 17:58:31.5484 INFO Program çalistirildi!
2020-04-07 17:58:33.5749 INFO Sefer Ekleme sayfasina gidildi
2020-04-07 17:58:33.6239 INFO Sefer ekleme sayfasi açildi
2020-04-07 17:59:09.8166 INFO Program çalistirildi!
2020-04-07 17:59:11.2716 INFO Sefer Ekleme sayfasina gidildi
2020-04-07 17:59:11.3257 INFO Sefer ekleme sayfasi açildi
2020-04-07 17:59:19.4054 INFO Kullanici sefer olusturdu!
2020-04-07 17:59:21.1096 INFO Sefer Ekleme sayfasina gidildi
2020-04-07 17:59:21.1506 INFO Sefer ekleme sayfasi açildi
2020-04-07 17:59:51.8414 INFO Program çalistirildi!
2020-04-07 17:59:54.9506 INFO Sefer Silindi
2020-04-07 17:59:56.1405 INFO Sefer Silindi
2020-04-07 17:59:57.2302 INFO Sefer Silindi
2020-04-07 17:59:58.6542 INFO Sefer Silindi
2020-04-07 17:59:59.9812 INFO Sefer Silindi
2020-04-07 18:00:01.6934 INFO Sefer Silindi
2020-04-07 18:00:17.3135 INFO Program çalistirildi!
2020-04-07 18:00:28.1722 INFO Sefer Ekleme sayfasina gidildi
2020-04-07 18:00:28.2292 INFO Sefer ekleme sayfasi açildi
2020-04-07 18:00:35.1702 INFO Kullanici sefer olusturdu!
2020-04-07 18:00:39.7114 INFO Sefer Ekleme sayfasina gidildi
2020-04-07 18:00:39.7474 INFO Sefer ekleme sayfasi açildi
2020-04-07 18:01:39.6959 INFO Program çalistirildi!
2020-04-07 18:01:41.1710 INFO Sefer Ekleme sayfasina gidildi
2020-04-07 18:01:41.2170 INFO Sefer ekleme sayfasi açildi
2020-04-07 18:04:16.4864 INFO Program çalistirildi!
2020-04-07 18:04:17.8674 INFO Sefer Ekleme sayfasina gidildi
2020-04-07 18:04:17.9144 INFO Sefer ekleme sayfasi açildi
2020-04-07 18:04:26.1042 WARN Kullanici tüm bilgileri doldurmadan sefer eklemek istedi!
2020-04-07 18:04:27.1570 INFO Kullanici sefer olusturdu!
2020-04-07 18:04:31.4460 INFO Sefer Ekleme sayfasina gidildi
2020-04-07 18:04:31.4821 INFO Sefer ekleme sayfasi açildi
2020-04-07 18:04:39.0484 WARN Kullanici tüm bilgileri doldurmadan sefer eklemek istedi!
2020-04-07 18:04:41.9875 INFO Kullanici sefer olusturdu!
2020-04-07 18:04:43.4115 INFO Sefer Ekleme sayfasina gidildi
2020-04-07 18:04:43.4465 INFO Sefer ekleme sayfasi açildi
2020-04-07 18:04:49.1376 INFO Kullanici sefer olusturdu!
2020-04-07 18:04:50.2914 INFO Sefer Ekleme sayfasina gidildi
2020-04-07 18:04:50.3274 INFO Sefer ekleme sayfasi açildi
2020-04-07 18:07:16.0678 INFO Program çalistirildi!
2020-04-07 18:07:17.1716 INFO Sefer Ekleme sayfasina gidildi
2020-04-07 18:07:17.2206 INFO Sefer ekleme sayfasi açildi
2020-04-07 18:08:56.7463 INFO Program çalistirildi!
2020-04-07 18:08:57.8670 INFO Sefer Ekleme sayfasina gidildi
2020-04-07 18:08:57.9161 INFO Sefer ekleme sayfasi açildi
2020-04-07 18:11:40.2082 INFO Program çalistirildi!
2020-04-07 18:11:41.3721 INFO Sefer Ekleme sayfasina gidildi
2020-04-07 18:11:41.4281 INFO Sefer ekleme sayfasi açildi
2020-04-07 18:11:56.3357 INFO Kullanici sefer olusturdu!
2020-04-07 18:13:23.2887 INFO Program çalistirildi!
2020-04-07 18:13:24.1363 INFO Sefer Ekleme sayfasina gidildi
2020-04-07 18:13:24.2004 INFO Sefer ekleme sayfasi açildi
2020-04-07 18:15:05.7804 INFO Program çalistirildi!
2020-04-07 18:15:16.5030 INFO Sefer Ekleme sayfasina gidildi
2020-04-07 18:15:16.5671 INFO Sefer ekleme sayfasi açildi
2020-04-07 18:15:28.0853 INFO Kullanici sefer olusturdu!
2020-04-07 18:15:31.6728 INFO Sefer Ekleme sayfasina gidildi
2020-04-07 18:15:31.7268 INFO Sefer ekleme sayfasi açildi
