2020-04-12 14:04:18.0599 INFO Program çalýþtýrýldý!
2020-04-12 14:44:26.9560 INFO Program çalýþtýrýldý!
2020-04-12 14:44:29.5387 INFO Sefer Ekleme sayfasýna gidildi
2020-04-12 14:44:29.6091 INFO Sefer ekleme sayfasý açýldý
2020-04-12 14:44:55.4270 INFO Kullanýcý sefer oluþturdu!
2020-04-12 14:45:06.1622 INFO Bilet Satýn Alýndý!
2020-04-12 14:45:06.1861 INFO Kullanýcý bilet satýn alma iþlemini tamamladý!
2020-04-12 14:45:11.5350 INFO Gelir hesaplandý!
2020-04-12 14:45:23.2805 INFO Bilet Satýn Alýndý!
2020-04-12 14:45:23.3034 INFO Kullanýcý bilet satýn alma iþlemini tamamladý!
2020-04-12 14:45:27.6304 INFO Gelir hesaplandý!
2020-04-12 14:45:33.5214 WARN Kullanýcý bilet satýlmýþ bir seferi silmek istedi!
2020-04-12 15:07:27.8853 INFO Program çalýþtýrýldý!
2020-04-12 15:07:29.7167 INFO Sefer Ekleme sayfasýna gidildi
2020-04-12 15:07:29.7805 INFO Sefer ekleme sayfasý açýldý
2020-04-12 15:07:45.5228 INFO Kullanýcý bileti iptal etti!
2020-04-12 15:07:49.5702 WARN Kullanýcý bilet satýlmýþ bir seferi silmek istedi!
2020-04-12 15:07:55.1687 WARN Kullanýcý boþ koltuða bilet almaya çalýþtý!
2020-04-12 15:07:57.9137 WARN Kullanýcý bilet satýlmýþ bir seferi silmek istedi!
2020-04-12 15:08:49.4813 INFO Program çalýþtýrýldý!
2020-04-12 15:08:52.4791 INFO Sefer Silindi
2020-04-12 15:09:14.8933 INFO Program çalýþtýrýldý!
2020-04-12 15:09:17.4066 INFO Sefer Ekleme sayfasýna gidildi
2020-04-12 15:09:17.4625 INFO Sefer ekleme sayfasý açýldý
2020-04-12 15:09:39.7984 INFO Kullanýcý sefer oluþturdu!
2020-04-12 15:09:51.5572 INFO Bilet Satýn Alýndý!
2020-04-12 15:09:51.5831 INFO Kullanýcý bilet satýn alma iþlemini tamamladý!
2020-04-12 15:10:01.4727 INFO Bilet Satýn Alýndý!
2020-04-12 15:10:01.4946 INFO Kullanýcý bilet satýn alma iþlemini tamamladý!
2020-04-12 15:10:09.0157 WARN Kullanýcý bilet satýlmýþ bir seferi silmek istedi!
2020-04-12 15:10:18.8632 INFO Gelir hesaplandý!
2020-04-12 15:10:31.6760 INFO Bilet Satýn Alýndý!
2020-04-12 15:10:31.6980 INFO Kullanýcý bilet satýn alma iþlemini tamamladý!
2020-04-12 15:10:48.2946 INFO Gelir hesaplandý!
2020-04-12 15:10:51.2617 INFO Kaptan Deðiþtirme Sayfasýna Gidildi
2020-04-12 15:10:58.7056 INFO Kaptan deðiþtirildi!
2020-04-12 15:11:01.9526 WARN Kullanýcý bilet satýlmýþ bir seferi silmek istedi!
2020-04-12 15:11:21.0402 INFO Sefer Ekleme sayfasýna gidildi
2020-04-12 15:11:21.0888 INFO Sefer ekleme sayfasý açýldý
2020-04-12 15:11:41.9386 INFO Kullanýcý sefer oluþturdu!
2020-04-12 15:11:45.1897 INFO Sefer Silindi
2020-04-12 15:11:49.0257 INFO Sefer Ekleme sayfasýna gidildi
2020-04-12 15:11:49.0715 INFO Sefer ekleme sayfasý açýldý
2020-04-12 15:28:00.7663 INFO Program çalýþtýrýldý!
2020-04-12 15:28:03.0579 INFO Sefer Ekleme sayfasýna gidildi
2020-04-12 15:28:03.1223 INFO Sefer ekleme sayfasý açýldý
2020-04-12 15:30:37.5300 INFO Program çalýþtýrýldý!
2020-04-12 15:39:05.6604 INFO Program çalýþtýrýldý!
2020-04-12 15:39:07.6655 INFO Sefer Ekleme sayfasýna gidildi
2020-04-12 15:39:07.7388 INFO Sefer ekleme sayfasý açýldý
2020-04-12 15:39:28.2354 INFO Kullanýcý sefer oluþturdu!
2020-04-12 15:43:05.7667 INFO Program çalýþtýrýldý!
2020-04-12 15:43:07.5269 INFO Sefer Ekleme sayfasýna gidildi
2020-04-12 15:43:07.5856 INFO Sefer ekleme sayfasý açýldý
2020-04-12 15:43:11.9900 WARN Kullanýcý tüm bilgileri doldurmadan sefer eklemek istedi!
2020-04-12 15:48:32.5025 INFO Program çalýþtýrýldý!
2020-04-12 15:48:38.0793 INFO Sefer Ekleme sayfasýna gidildi
2020-04-12 15:48:38.0972 INFO Sefer ekleme sayfasý açýldý
2020-04-12 15:48:43.0356 WARN Kullanýcý tüm bilgileri doldurmadan sefer eklemek istedi!
2020-04-12 15:49:01.5002 INFO Kullanýcý sefer oluþturdu!
2020-04-12 15:49:07.8550 INFO Sefer Silindi
2020-04-12 16:34:56.4155 INFO Program çalýþtýrýldý!
2020-04-12 16:35:00.9659 WARN Kullanýcý sefer seçmeden kaptan deðiþtirmek istedi!
2020-04-12 16:35:05.0438 INFO Kaptan Deðiþtirme Sayfasýna Gidildi
2020-04-12 16:35:09.4614 INFO Kaptan deðiþtirildi!
2020-04-12 16:35:48.2065 INFO Program çalýþtýrýldý!
2020-04-12 16:35:49.9684 INFO Sefer Ekleme sayfasýna gidildi
2020-04-12 16:35:49.9868 INFO Sefer ekleme sayfasý açýldý
2020-04-12 16:36:09.0039 INFO Kullanýcý sefer oluþturdu!
2020-04-12 16:36:10.8299 INFO Sefer Ekleme sayfasýna gidildi
2020-04-12 16:36:10.8379 INFO Sefer ekleme sayfasý açýldý
2020-04-12 16:36:14.7261 INFO Sefer Silindi
2020-04-12 16:36:16.1656 INFO Sefer Ekleme sayfasýna gidildi
2020-04-12 16:36:16.1656 INFO Sefer ekleme sayfasý açýldý
2020-04-12 16:36:29.2623 INFO Program çalýþtýrýldý!
2020-04-12 16:36:30.2642 INFO Sefer Ekleme sayfasýna gidildi
2020-04-12 16:36:30.2831 INFO Sefer ekleme sayfasý açýldý
2020-04-12 16:36:45.1787 INFO Kullanýcý sefer oluþturdu!
2020-04-12 16:44:53.6354 INFO Program çalýþtýrýldý!
2020-04-12 16:44:59.9999 INFO Kaptan Deðiþtirme Sayfasýna Gidildi
2020-04-12 16:45:04.8806 WARN Kullanýcý tüm bilgileri doldurmadan sefer eklemek istedi!
2020-04-12 16:45:08.5378 INFO Kaptan deðiþtirildi!
2020-04-12 16:54:10.1041 INFO Program çalýþtýrýldý!
2020-04-12 16:54:28.0209 INFO Program çalýþtýrýldý!
2020-04-12 16:54:32.4044 WARN Kullanýcý herhangi bir sefer seçimi yapmadan,sefer silme iþlemi yapmak istedi!
2020-04-12 16:54:37.8766 WARN Kullanýcý herhangi bir sefer seçimi yapmadan,sefer silme iþlemi yapmak istedi!
2020-04-12 16:54:40.0425 WARN Kullanýcý bilet satýlmýþ bir seferi silmek istedi!
2020-04-12 16:56:44.4220 INFO Program çalýþtýrýldý!
2020-04-12 16:56:49.5220 WARN Kullanýcý sefer ve koltuk seçmeden iþlem yapmaya çalýþtý!
2020-04-12 16:56:59.2626 WARN Kullanýcý sefer ve koltuk seçmeden iþlem yapmaya çalýþtý!
2020-04-12 16:57:02.1686 INFO Sefer Ekleme sayfasýna gidildi
2020-04-12 16:57:02.1826 INFO Sefer ekleme sayfasý açýldý
2020-04-12 16:57:22.1671 INFO Program çalýþtýrýldý!
2020-04-12 16:57:27.1588 WARN Kullanýcý sefer ve koltuk seçmeden iþlem yapmaya çalýþtý!
2020-04-12 16:57:31.3748 WARN Kullanýcý koltuk ve sefer seçimi yapmadan bilet iptal etmeye çalýþtý!
2020-04-12 16:57:34.6686 INFO Gelir hesaplandý!
2020-04-12 16:57:37.3623 INFO Kullanýcý bileti iptal etti!
2020-04-12 16:57:48.1907 WARN Kullanýcý sefer seçmeden kaptan deðiþtirmek istedi!
2020-04-12 16:57:50.6464 WARN Kullanýcý geliri hesaplanacak bir sefer seçmedi!
2020-04-12 16:57:54.0368 WARN Kullanýcý herhangi bir sefer seçimi yapmadan,sefer silme iþlemi yapmak istedi!
2020-04-12 16:57:56.6332 INFO Sefer Silindi
2020-04-12 16:57:59.2025 INFO Kaptan Deðiþtirme Sayfasýna Gidildi
2020-04-12 16:58:03.1146 INFO Kaptan deðiþtirildi!
2020-04-12 16:58:07.6913 INFO Gelir hesaplandý!
2020-04-12 16:58:10.9412 WARN Kullanýcý geliri hesaplanacak bir sefer seçmedi!
2020-04-12 16:58:14.4088 WARN Kullanýcý sefer ve koltuk seçmeden iþlem yapmaya çalýþtý!
2020-04-12 16:58:24.0596 INFO Bilet Satýn Alýndý!
2020-04-12 16:58:24.0865 INFO Kullanýcý bilet satýn alma iþlemini tamamladý!
2020-04-12 16:58:33.5664 WARN Kullanýcý koltuk ve sefer seçimi yapmadan bilet iptal etmeye çalýþtý!
2020-04-12 16:58:37.3468 INFO Kullanýcý bileti iptal etti!
