2020-04-06 14:44:53.9113 INFO Sefer Ekleme sayfasina gidildi
2020-04-06 14:45:03.2890 WARN Kullanici tüm bilgileri doldurmadan sefer eklemek istedi!
2020-04-06 14:45:04.4908 INFO Kullanici sefer olusturdu!
2020-04-06 14:45:17.6742 INFO Sefer Ekleme sayfasina gidildi
2020-04-06 14:45:24.8553 INFO Kullanici sefer olusturdu!
2020-04-06 14:45:26.1282 INFO Sefer Ekleme sayfasina gidildi
2020-04-06 14:45:34.3140 INFO Kullanici sefer olusturdu!
2020-04-06 14:45:38.6811 INFO Sefer Silindi
2020-04-06 14:45:40.6195 INFO Sefer Ekleme sayfasina gidildi
2020-04-06 14:45:53.3255 INFO Sefer Ekleme sayfasina gidildi
2020-04-06 14:47:27.5163 INFO Sefer Ekleme sayfasina gidildi
2020-04-06 14:50:22.3544 INFO Sefer Ekleme sayfasina gidildi
2020-04-06 14:50:36.5855 INFO Sefer Ekleme sayfasina gidildi
2020-04-06 14:50:44.9925 INFO Sefer Ekleme sayfasina gidildi
2020-04-06 14:51:12.0717 INFO Sefer Ekleme sayfasina gidildi
2020-04-06 15:02:25.7637 INFO Sefer Ekleme sayfasina gidildi
2020-04-06 15:02:51.9883 INFO Sefer Ekleme sayfasina gidildi
2020-04-06 15:03:25.4920 INFO Sefer Ekleme sayfasina gidildi
2020-04-06 15:03:56.3209 INFO Sefer Ekleme sayfasina gidildi
2020-04-06 15:04:06.9454 INFO Sefer Ekleme sayfasina gidildi
2020-04-06 15:04:27.3849 INFO Sefer Ekleme sayfasina gidildi
2020-04-06 15:04:54.8474 INFO Sefer Ekleme sayfasina gidildi
2020-04-06 15:06:15.5927 INFO Sefer Ekleme sayfasina gidildi
2020-04-06 15:13:39.8568 INFO Sefer Ekleme sayfasina gidildi
2020-04-06 15:15:24.8147 INFO Sefer Ekleme sayfasina gidildi
2020-04-06 15:15:55.9408 INFO Sefer Ekleme sayfasina gidildi
2020-04-06 15:28:31.1460 INFO Sefer Ekleme sayfasina gidildi
2020-04-06 15:30:38.0930 INFO Sefer Ekleme sayfasina gidildi
2020-04-06 15:31:04.5478 INFO Sefer Ekleme sayfasina gidildi
2020-04-06 15:32:09.2097 INFO Sefer Ekleme sayfasina gidildi
2020-04-06 15:32:27.9600 INFO Sefer Ekleme sayfasina gidildi
2020-04-06 15:32:29.9174 INFO Sefer Ekleme sayfasina gidildi
2020-04-06 15:32:54.7385 INFO Sefer Ekleme sayfasina gidildi
2020-04-06 15:32:57.0161 INFO Sefer Ekleme sayfasina gidildi
2020-04-06 15:33:02.4660 INFO Sefer Ekleme sayfasina gidildi
2020-04-06 15:33:11.2472 INFO Kullanici sefer olusturdu!
2020-04-06 15:33:12.2299 INFO Sefer Ekleme sayfasina gidildi
2020-04-06 15:33:21.1382 INFO Sefer Silindi
2020-04-06 15:33:23.3428 INFO Sefer Ekleme sayfasina gidildi
2020-04-06 15:34:19.6007 INFO Sefer Ekleme sayfasina gidildi
2020-04-06 15:34:22.8010 INFO Sefer Silindi
2020-04-06 15:34:23.3444 INFO Sefer Ekleme sayfasina gidildi
2020-04-06 15:35:50.6203 INFO Sefer Ekleme sayfasina gidildi
2020-04-06 15:35:54.4880 INFO Sefer Ekleme sayfasina gidildi
2020-04-06 15:35:56.0782 INFO Sefer Ekleme sayfasina gidildi
2020-04-06 15:36:08.3018 INFO Sefer Ekleme sayfasina gidildi
2020-04-06 15:41:19.6447 INFO Sefer Ekleme sayfasina gidildi
2020-04-06 15:41:27.4803 INFO Kullanici sefer olusturdu!
2020-04-06 15:41:31.3721 INFO Sefer Ekleme sayfasina gidildi
2020-04-06 15:44:22.5315 INFO Sefer Ekleme sayfasina gidildi
2020-04-06 15:51:55.3192 INFO Sefer Ekleme sayfasina gidildi
2020-04-06 15:52:14.6629 INFO Sefer Ekleme sayfasina gidildi
2020-04-06 15:52:33.7845 INFO Sefer Ekleme sayfasina gidildi
2020-04-06 15:54:59.0545 INFO Sefer Ekleme sayfasina gidildi
2020-04-06 16:25:14.8748 INFO Sefer Ekleme sayfasina gidildi
2020-04-06 16:25:23.2368 INFO Sefer Ekleme sayfasina gidildi
2020-04-06 16:30:41.8234 INFO Sefer Ekleme sayfasina gidildi
2020-04-06 16:30:54.7175 INFO Kullanici sefer olusturdu!
2020-04-06 16:30:56.0245 INFO Sefer Ekleme sayfasina gidildi
2020-04-06 16:34:26.5693 INFO Sefer Ekleme sayfasina gidildi
2020-04-06 16:34:28.4587 INFO Sefer Silindi
2020-04-06 16:34:28.9901 INFO Sefer Ekleme sayfasina gidildi
2020-04-06 16:34:34.8702 INFO Sefer Ekleme sayfasina gidildi
2020-04-06 16:34:41.6821 INFO Kullanici sefer olusturdu!
2020-04-06 16:34:42.3866 INFO Sefer Ekleme sayfasina gidildi
2020-04-06 16:34:48.8141 INFO Kullanici sefer olusturdu!
2020-04-06 16:34:50.1961 INFO Sefer Ekleme sayfasina gidildi
2020-04-06 16:34:52.3346 INFO Sefer Silindi
2020-04-06 16:34:52.8320 INFO Sefer Ekleme sayfasina gidildi
2020-04-06 16:35:02.8511 INFO Sefer Ekleme sayfasina gidildi
2020-04-06 16:35:06.0103 INFO Sefer Ekleme sayfasina gidildi
2020-04-06 16:35:10.9438 INFO Kullanici sefer olusturdu!
2020-04-06 16:35:12.4689 INFO Sefer Silindi
2020-04-06 16:35:12.8882 INFO Sefer Ekleme sayfasina gidildi
2020-04-06 16:40:28.5712 INFO Sefer Ekleme sayfasina gidildi
2020-04-06 16:40:33.3996 INFO Kullanici sefer olusturdu!
2020-04-06 17:18:53.5135 INFO Sefer Ekleme sayfasina gidildi
2020-04-06 17:19:00.2132 INFO Kullanici sefer olusturdu!
2020-04-06 17:19:01.0158 INFO Sefer Ekleme sayfasina gidildi
2020-04-06 17:19:41.2864 INFO Sefer Ekleme sayfasina gidildi
2020-04-06 17:19:47.6949 INFO Sefer Ekleme sayfasina gidildi
2020-04-06 17:19:54.3526 INFO Kullanici sefer olusturdu!
2020-04-06 17:20:11.2286 INFO Sefer Ekleme sayfasina gidildi
2020-04-06 17:20:15.4406 INFO Kullanici sefer olusturdu!
2020-04-06 17:20:20.7764 INFO Sefer Ekleme sayfasina gidildi
2020-04-06 17:29:44.5554 INFO Sefer Ekleme sayfasina gidildi
2020-04-06 17:29:48.7313 INFO Sefer Ekleme sayfasina gidildi
2020-04-06 17:29:56.8511 INFO Sefer Ekleme sayfasina gidildi
2020-04-06 17:30:04.0182 INFO Kullanici sefer olusturdu!
2020-04-06 17:30:07.3395 WARN Kullanici sefer ve koltuk seçmeden islem yapmaya çalisti!
2020-04-06 17:34:20.8226 INFO Sefer Ekleme sayfasina gidildi
2020-04-06 17:34:26.8079 INFO Kullanici sefer olusturdu!
2020-04-06 17:37:02.2422 INFO Sefer Silindi
2020-04-06 17:37:04.0314 INFO Sefer Ekleme sayfasina gidildi
2020-04-06 17:37:10.5941 INFO Sefer Ekleme sayfasina gidildi
2020-04-06 17:37:40.9166 INFO Sefer Silindi
2020-04-06 17:37:41.4940 INFO Sefer Ekleme sayfasina gidildi
2020-04-06 17:37:44.0958 INFO Sefer Silindi
2020-04-06 17:38:13.9600 INFO Sefer Ekleme sayfasina gidildi
2020-04-06 17:38:25.9535 INFO Sefer Ekleme sayfasina gidildi
2020-04-06 17:38:32.5392 INFO Kullanici sefer olusturdu!
2020-04-06 17:38:33.4899 INFO Sefer Ekleme sayfasina gidildi
2020-04-06 17:56:46.7849 INFO Sefer Ekleme sayfasina gidildi
2020-04-06 17:56:53.9128 INFO Kullanici sefer olusturdu!
2020-04-06 17:56:55.1266 INFO Sefer Ekleme sayfasina gidildi
2020-04-06 17:57:00.7837 INFO Kullanici sefer olusturdu!
2020-04-06 17:57:03.4265 INFO Sefer Silindi
2020-04-06 17:57:04.2351 INFO Sefer Ekleme sayfasina gidildi
2020-04-06 17:57:24.1572 INFO Sefer Ekleme sayfasina gidildi
2020-04-06 18:04:38.5957 INFO Sefer Ekleme sayfasina gidildi
2020-04-06 18:05:10.2311 INFO Sefer Ekleme sayfasina gidildi
2020-04-06 18:05:38.2150 INFO Sefer Ekleme sayfasina gidildi
2020-04-06 18:05:42.4360 INFO Sefer Ekleme sayfasina gidildi
2020-04-06 18:06:30.1789 INFO Sefer Ekleme sayfasina gidildi
2020-04-06 18:06:42.7698 INFO Kullanici sefer olusturdu!
2020-04-06 18:08:01.8549 INFO Sefer Ekleme sayfasina gidildi
2020-04-06 18:08:43.0411 INFO Sefer Ekleme sayfasina gidildi
2020-04-06 18:08:51.6332 INFO Kullanici sefer olusturdu!
2020-04-06 18:08:52.7030 INFO Sefer Ekleme sayfasina gidildi
2020-04-06 18:09:20.7749 INFO Sefer Ekleme sayfasina gidildi
2020-04-06 18:09:26.2098 INFO Kullanici sefer olusturdu!
2020-04-06 18:09:27.7198 INFO Sefer Ekleme sayfasina gidildi
2020-04-06 18:09:29.5651 INFO Sefer Silindi
2020-04-06 18:09:30.2566 INFO Sefer Ekleme sayfasina gidildi
2020-04-06 18:09:57.3328 INFO Sefer Ekleme sayfasina gidildi
2020-04-06 18:10:14.3699 INFO Sefer Ekleme sayfasina gidildi
2020-04-06 18:10:20.1020 INFO Sefer Ekleme sayfasina gidildi
2020-04-06 18:10:27.0129 INFO Kullanici sefer olusturdu!
2020-04-06 18:10:28.0887 INFO Sefer Ekleme sayfasina gidildi
2020-04-06 18:10:35.1327 INFO Kullanici sefer olusturdu!
2020-04-06 18:10:35.9382 INFO Sefer Ekleme sayfasina gidildi
2020-04-06 18:10:43.5706 INFO Kullanici sefer olusturdu!
2020-04-06 18:10:47.3163 INFO Sefer Silindi
2020-04-06 18:10:47.6876 INFO Sefer Ekleme sayfasina gidildi
2020-04-06 18:16:56.0079 INFO Sefer Ekleme sayfasina gidildi
2020-04-06 18:17:13.4693 INFO Sefer Ekleme sayfasina gidildi
2020-04-06 18:17:31.4961 INFO Sefer Ekleme sayfasina gidildi
2020-04-06 18:18:23.8407 INFO Gelir hesaplandi!
2020-04-06 18:18:32.1086 WARN Kullanici sefer ve koltuk seçmeden islem yapmaya çalisti!
2020-04-06 18:18:36.4276 WARN Kullanici sefer ve koltuk seçmeden islem yapmaya çalisti!
2020-04-06 18:18:45.1158 WARN Kullanici sefer ve koltuk seçmeden islem yapmaya çalisti!
2020-04-06 18:19:28.8378 WARN Kullanici sefer ve koltuk seçmeden islem yapmaya çalisti!
2020-04-06 18:19:30.7922 WARN Kullanici sefer ve koltuk seçmeden islem yapmaya çalisti!
2020-04-06 18:19:33.1879 WARN Kullanici sefer ve koltuk seçmeden islem yapmaya çalisti!
2020-04-06 18:19:39.9977 WARN Kullanici sefer ve koltuk seçmeden islem yapmaya çalisti!
2020-04-06 18:19:46.5674 WARN Kullanici sefer ve koltuk seçmeden islem yapmaya çalisti!
2020-04-06 18:19:49.5775 WARN Kullanici sefer ve koltuk seçmeden islem yapmaya çalisti!
2020-04-06 18:19:51.6240 WARN Kullanici sefer ve koltuk seçmeden islem yapmaya çalisti!
2020-04-06 18:19:53.9126 WARN Kullanici sefer ve koltuk seçmeden islem yapmaya çalisti!
2020-04-06 18:19:56.7746 WARN Kullanici sefer ve koltuk seçmeden islem yapmaya çalisti!
2020-04-06 18:20:19.5068 WARN Kullanici sefer ve koltuk seçmeden islem yapmaya çalisti!
2020-04-06 18:20:30.0052 WARN Kullanici sefer ve koltuk seçmeden islem yapmaya çalisti!
2020-04-06 18:20:54.0953 WARN Kullanici sefer ve koltuk seçmeden islem yapmaya çalisti!
2020-04-06 18:20:59.3901 WARN Kullanici sefer ve koltuk seçmeden islem yapmaya çalisti!
2020-04-06 18:21:01.4005 WARN Kullanici sefer ve koltuk seçmeden islem yapmaya çalisti!
2020-04-06 18:21:03.8342 WARN Kullanici sefer ve koltuk seçmeden islem yapmaya çalisti!
2020-04-06 18:21:09.1079 WARN Kullanici sefer ve koltuk seçmeden islem yapmaya çalisti!
2020-04-06 18:21:16.5973 WARN Kullanici koltuk ve sefer seçimi yapmadan bilet iptal etmeye çalisti!
2020-04-06 18:21:20.2198 WARN Kullanici bos koltuga bilet almaya çalisti!
2020-04-06 18:22:00.6325 INFO Gelir hesaplandi!
2020-04-06 18:22:08.9704 INFO Sefer Ekleme sayfasina gidildi
